[15Jan2025 11:14:00.219] [main/INFO] [cpw.mods.modlauncher.Launcher/MODLAUNCHER]: ModLauncher running: args [--launchTarget, forgedatauserdev, --assetIndex, 5, --assetsDir, C:\Users\pc\.gradle\caches\forge_gradle\assets, --gameDir, ., --fml.forgeVersion, 47.3.12, --fml.mcVersion, 1.20.1, --fml.forgeGroup, net.minecraftforge, --fml.mcpVersion, 20230612.114412, --mod, noez, --all, --output, D:\Mod Data\NO_EZ\src\generated\resources, --existing, D:\Mod Data\NO_EZ\src\main\resources, --mixin.config, mixins.noez.json]
[15Jan2025 11:14:00.219] [main/INFO] [cpw.mods.modlauncher.Launcher/MODLAUNCHER]: ModLauncher 10.0.9+10.0.9+main.dcd20f30 starting: java version 17.0.13 by Amazon.com Inc.; OS Windows 10 arch amd64 version 10.0
[15Jan2025 11:14:00.329] [main/INFO] [net.minecraftforge.fml.loading.ImmediateWindowHandler/]: ImmediateWindowProvider not loading because launch target is forgedatauserdev
[15Jan2025 11:14:00.376] [main/INFO] [mixin/]: SpongePowered MIXIN Subsystem Version=0.8.5 Source=union:/C:/Users/pc/.gradle/caches/modules-2/files-2.1/org.spongepowered/mixin/0.8.5/9d1c0c3a304ae6697ecd477218fa61b850bf57fc/mixin-0.8.5.jar%23128!/ Service=ModLauncher Env=CLIENT
[15Jan2025 11:14:00.737] [main/WARN] [net.minecraftforge.fml.loading.moddiscovery.ModFileParser/LOADING]: Mod file C:\Users\pc\.gradle\caches\modules-2\files-2.1\net.minecraftforge\javafmllanguage\1.20.1-47.3.12\f6b9f7f45e33548b47f78d9f54c7b4eb1e94e9bd\javafmllanguage-1.20.1-47.3.12.jar is missing mods.toml file
[15Jan2025 11:14:00.737] [main/WARN] [net.minecraftforge.fml.loading.moddiscovery.ModFileParser/LOADING]: Mod file C:\Users\pc\.gradle\caches\modules-2\files-2.1\net.minecraftforge\lowcodelanguage\1.20.1-47.3.12\81de74e1180787af25604b6ecb3728fc485bd3c7\lowcodelanguage-1.20.1-47.3.12.jar is missing mods.toml file
[15Jan2025 11:14:00.737] [main/WARN] [net.minecraftforge.fml.loading.moddiscovery.ModFileParser/LOADING]: Mod file C:\Users\pc\.gradle\caches\modules-2\files-2.1\net.minecraftforge\mclanguage\1.20.1-47.3.12\1ff4ed058e0774b82d8da352d9e051e6d2a154eb\mclanguage-1.20.1-47.3.12.jar is missing mods.toml file
[15Jan2025 11:14:00.737] [main/WARN] [net.minecraftforge.fml.loading.moddiscovery.ModFileParser/LOADING]: Mod file C:\Users\pc\.gradle\caches\modules-2\files-2.1\net.minecraftforge\fmlcore\1.20.1-47.3.12\9a4d9f99e106aa2358cdbe6777921855d353371\fmlcore-1.20.1-47.3.12.jar is missing mods.toml file
[15Jan2025 11:14:00.878] [main/INFO] [net.minecraftforge.fml.loading.moddiscovery.JarInJarDependencyLocator/]: Found 1 dependencies adding them to mods collection
[15Jan2025 11:14:02.098] [main/WARN] [mixin/]: Compatibility level JAVA_17 specified by mixins.noez.json is higher than the maximum level supported by this version of mixin (JAVA_13).
[15Jan2025 11:14:02.098] [main/INFO] [mixin/]: Compatibility level set to JAVA_17
[15Jan2025 11:14:02.098] [main/INFO] [cpw.mods.modlauncher.LaunchServiceHandler/MODLAUNCHER]: Launching target 'forgedatauserdev' with arguments [--gameDir, ., --assetsDir, C:\Users\pc\.gradle\caches\forge_gradle\assets, --assetIndex, 5, --mod, noez, --all, --output, D:\Mod Data\NO_EZ\src\generated\resources, --existing, D:\Mod Data\NO_EZ\src\main\resources]
[15Jan2025 11:14:02.145] [main/INFO] [mixin/]: Attempting to load Fernflower decompiler (Threaded mode)
[15Jan2025 11:14:02.145] [main/INFO] [mixin/]: Fernflower could not be loaded, exported classes will not be decompiled. NoClassDefFoundError: org/jetbrains/java/decompiler/main/extern/IResultSaver
[15Jan2025 11:14:02.160] [main/INFO] [mixin/]: Preparing mixins for MixinEnvironment[DEFAULT]
[15Jan2025 11:14:02.160] [main/INFO] [mixin/]: Selecting config mixins.noez.json
[15Jan2025 11:14:02.160] [main/INFO] [mixin/]: Selecting config geckolib.mixins.json
[15Jan2025 11:14:02.457] [main/INFO] [mixin/]: Remapping refMap geckolib.refmap.json using D:\Mod Data\NO_EZ\build\createSrgToMcp\output.srg
[15Jan2025 11:14:02.457] [main/INFO] [mixin/]: Preparing mixins.noez.json (18)
[15Jan2025 11:14:02.767] [main/INFO] [mixin/]: Preparing geckolib.mixins.json (1)
[15Jan2025 11:14:02.798] [main/INFO] [mixin/]: Prepared 19 mixins in 0.638 sec (33.6ms avg) (0ms load, 0ms transform, 0ms plugin)
[15Jan2025 11:14:03.008] [main/INFO] [net.minecraftforge.data.loading.DatagenModLoader/]: Initializing Data Gatherer for mods [noez]
[15Jan2025 11:14:03.111] [main/INFO] [mixin/]: Mixing EntityMixin from mixins.noez.json into net.minecraft.world.entity.Entity
[15Jan2025 11:14:03.158] [main/INFO] [mixin/]: Mixing LivingEntityMixin from mixins.noez.json into net.minecraft.world.entity.LivingEntity
[15Jan2025 11:14:03.383] [main/INFO] [mixin/]: Mixing PlayerMixin from mixins.noez.json into net.minecraft.world.entity.player.Player
